2009.08.20 10:54 B C:\a1-webpages\themarketshop\comparison\fb\mobile\blackjack\cards\2c.gif <-- Comparison /www/fbapps/blackjack/cards 2c.gif
2009.08.20 10:54 B C:\a1-webpages\themarketshop\comparison\fb\mobile\blackjack\cards\2d.gif <-- Comparison /www/fbapps/blackjack/cards 2d.gif
2009.08.20 10:54 B C:\a1-webpages\themarketshop\comparison\fb\mobile\blackjack\cards\2h.gif <-- Comparison /www/fbapps/blackjack/cards 2h.gif
2009.08.20 10:54 B C:\a1-webpages\themarketshop\comparison\fb\mobile\blackjack\cards\2s.gif <-- Comparison /www/fbapps/blackjack/cards 2s.gif
2009.08.20 10:54 B C:\a1-webpages\themarketshop\comparison\fb\mobile\blackjack\cards\3c.gif <-- Comparison /www/fbapps/blackjack/cards 3c.gif
2009.08.20 10:54 B C:\a1-webpages\themarketshop\comparison\fb\mobile\blackjack\cards\3d.gif <-- Comparison /www/fbapps/blackjack/cards 3d.gif
2009.08.20 10:54 B C:\a1-webpages\themarketshop\comparison\fb\mobile\blackjack\cards\3h.gif <-- Comparison /www/fbapps/blackjack/cards 3h.gif
2009.08.20 10:54 B C:\a1-webpages\themarketshop\comparison\fb\mobile\blackjack\cards\3s.gif <-- Comparison /www/fbapps/blackjack/cards 3s.gif
2009.08.20 10:54 B C:\a1-webpages\themarketshop\comparison\fb\mobile\blackjack\cards\4c.gif <-- Comparison /www/fbapps/blackjack/cards 4c.gif
2009.08.20 10:57 B C:\a1-webpages\themarketshop\comparison\fb\mobile\blackjack\cards\2c.gif <-- Comparison /www/fbapps/blackjack/cards 2c.gif
2009.08.20 10:57 B C:\a1-webpages\themarketshop\comparison\fb\mobile\blackjack\cards\2d.gif <-- Comparison /www/fbapps/blackjack/cards 2d.gif
2009.08.20 10:57 B C:\a1-webpages\themarketshop\comparison\fb\mobile\blackjack\cards\2h.gif <-- Comparison /www/fbapps/blackjack/cards 2h.gif
2009.08.20 10:57 B C:\a1-webpages\themarketshop\comparison\fb\mobile\blackjack\cards\2s.gif <-- Comparison /www/fbapps/blackjack/cards 2s.gif
2009.08.20 10:57 B C:\a1-webpages\themarketshop\comparison\fb\mobile\blackjack\cards\3c.gif <-- Comparison /www/fbapps/blackjack/cards 3c.gif
2009.08.20 10:57 B C:\a1-webpages\themarketshop\comparison\fb\mobile\blackjack\cards\3d.gif <-- Comparison /www/fbapps/blackjack/cards 3d.gif
2009.08.20 10:57 B C:\a1-webpages\themarketshop\comparison\fb\mobile\blackjack\cards\3h.gif <-- Comparison /www/fbapps/blackjack/cards 3h.gif
2009.08.20 10:57 B C:\a1-webpages\themarketshop\comparison\fb\mobile\blackjack\cards\3s.gif <-- Comparison /www/fbapps/blackjack/cards 3s.gif
2009.08.20 10:57 B C:\a1-webpages\themarketshop\comparison\fb\mobile\blackjack\cards\4c.gif <-- Comparison /www/fbapps/blackjack/cards 4c.gif
2009.08.20 10:57 B C:\a1-webpages\themarketshop\comparison\fb\mobile\blackjack\cards\4d.gif <-- Comparison /www/fbapps/blackjack/cards 4d.gif
2009.08.20 10:57 B C:\a1-webpages\themarketshop\comparison\fb\mobile\blackjack\cards\4h.gif <-- Comparison /www/fbapps/blackjack/cards 4h.gif
2009.08.20 10:57 B C:\a1-webpages\themarketshop\comparison\fb\mobile\blackjack\cards\4s.gif <-- Comparison /www/fbapps/blackjack/cards 4s.gif
2009.08.20 16:35 B C:\a1-webpages\themarketshop\comparison\fb\mobile\blackjack\cards\2c.gif <-- Comparison /www/fbapps/blackjack/cards 2c.gif
2009.08.20 16:35 B C:\a1-webpages\themarketshop\comparison\fb\mobile\blackjack\cards\2d.gif <-- Comparison /www/fbapps/blackjack/cards 2d.gif
2009.08.20 16:35 B C:\a1-webpages\themarketshop\comparison\fb\mobile\blackjack\cards\2h.gif <-- Comparison /www/fbapps/blackjack/cards 2h.gif
2009.08.20 16:35 B C:\a1-webpages\themarketshop\comparison\fb\mobile\blackjack\cards\2s.gif <-- Comparison /www/fbapps/blackjack/cards 2s.gif
2009.08.20 16:35 B C:\a1-webpages\themarketshop\comparison\fb\mobile\blackjack\cards\3c.gif <-- Comparison /www/fbapps/blackjack/cards 3c.gif
2009.08.20 16:35 B C:\a1-webpages\themarketshop\comparison\fb\mobile\blackjack\cards\3d.gif <-- Comparison /www/fbapps/blackjack/cards 3d.gif
2009.08.20 16:35 B C:\a1-webpages\themarketshop\comparison\fb\mobile\blackjack\cards\3h.gif <-- Comparison /www/fbapps/blackjack/cards 3h.gif
2009.08.20 16:35 B C:\a1-webpages\themarketshop\comparison\fb\mobile\blackjack\cards\3s.gif <-- Comparison /www/fbapps/blackjack/cards 3s.gif
2009.08.20 16:35 B C:\a1-webpages\themarketshop\comparison\fb\mobile\blackjack\cards\4c.gif <-- Comparison /www/fbapps/blackjack/cards 4c.gif
2009.08.20 16:35 B C:\a1-webpages\themarketshop\comparison\fb\mobile\blackjack\cards\4d.gif <-- Comparison /www/fbapps/blackjack/cards 4d.gif
2009.08.20 16:35 B C:\a1-webpages\themarketshop\comparison\fb\mobile\blackjack\cards\4h.gif <-- Comparison /www/fbapps/blackjack/cards 4h.gif
2009.08.20 16:35 B C:\a1-webpages\themarketshop\comparison\fb\mobile\blackjack\cards\4s.gif <-- Comparison /www/fbapps/blackjack/cards 4s.gif
2009.08.20 16:35 B C:\a1-webpages\themarketshop\comparison\fb\mobile\blackjack\cards\5c.gif <-- Comparison /www/fbapps/blackjack/cards 5c.gif
2009.08.20 16:35 B C:\a1-webpages\themarketshop\comparison\fb\mobile\blackjack\cards\5d.gif <-- Comparison /www/fbapps/blackjack/cards 5d.gif
2009.08.20 16:35 B C:\a1-webpages\themarketshop\comparison\fb\mobile\blackjack\cards\5h.gif <-- Comparison /www/fbapps/blackjack/cards 5h.gif
2009.08.20 16:35 B C:\a1-webpages\themarketshop\comparison\fb\mobile\blackjack\cards\5s.gif <-- Comparison /www/fbapps/blackjack/cards 5s.gif
2009.08.20 16:35 B C:\a1-webpages\themarketshop\comparison\fb\mobile\blackjack\cards\6c.gif <-- Comparison /www/fbapps/blackjack/cards 6c.gif
2009.08.20 16:35 B C:\a1-webpages\themarketshop\comparison\fb\mobile\blackjack\cards\6d.gif <-- Comparison /www/fbapps/blackjack/cards 6d.gif
2009.08.20 16:35 B C:\a1-webpages\themarketshop\comparison\fb\mobile\blackjack\cards\6h.gif <-- Comparison /www/fbapps/blackjack/cards 6h.gif
2009.08.20 16:35 B C:\a1-webpages\themarketshop\comparison\fb\mobile\blackjack\cards\6s.gif <-- Comparison /www/fbapps/blackjack/cards 6s.gif
2009.08.20 16:35 B C:\a1-webpages\themarketshop\comparison\fb\mobile\blackjack\cards\7c.gif <-- Comparison /www/fbapps/blackjack/cards 7c.gif
2009.08.20 16:35 B C:\a1-webpages\themarketshop\comparison\fb\mobile\blackjack\cards\7d.gif <-- Comparison /www/fbapps/blackjack/cards 7d.gif
2009.08.20 16:35 B C:\a1-webpages\themarketshop\comparison\fb\mobile\blackjack\cards\7h.gif <-- Comparison /www/fbapps/blackjack/cards 7h.gif
2009.08.20 16:35 B C:\a1-webpages\themarketshop\comparison\fb\mobile\blackjack\cards\7s.gif <-- Comparison /www/fbapps/blackjack/cards 7s.gif
2009.08.20 16:35 B C:\a1-webpages\themarketshop\comparison\fb\mobile\blackjack\cards\8c.gif <-- Comparison /www/fbapps/blackjack/cards 8c.gif
2009.08.20 16:35 B C:\a1-webpages\themarketshop\comparison\fb\mobile\blackjack\cards\8d.gif <-- Comparison /www/fbapps/blackjack/cards 8d.gif
2009.08.20 16:35 B C:\a1-webpages\themarketshop\comparison\fb\mobile\blackjack\cards\8h.gif <-- Comparison /www/fbapps/blackjack/cards 8h.gif
2009.08.20 16:35 B C:\a1-webpages\themarketshop\comparison\fb\mobile\blackjack\cards\8s.gif <-- Comparison /www/fbapps/blackjack/cards 8s.gif
2009.08.20 16:35 B C:\a1-webpages\themarketshop\comparison\fb\mobile\blackjack\cards\9c.gif <-- Comparison /www/fbapps/blackjack/cards 9c.gif
2009.08.20 16:35 B C:\a1-webpages\themarketshop\comparison\fb\mobile\blackjack\cards\9d.gif <-- Comparison /www/fbapps/blackjack/cards 9d.gif
2009.08.20 16:35 B C:\a1-webpages\themarketshop\comparison\fb\mobile\blackjack\cards\9h.gif <-- Comparison /www/fbapps/blackjack/cards 9h.gif
2009.08.20 16:35 B C:\a1-webpages\themarketshop\comparison\fb\mobile\blackjack\cards\9s.gif <-- Comparison /www/fbapps/blackjack/cards 9s.gif
2009.08.20 16:35 B C:\a1-webpages\themarketshop\comparison\fb\mobile\blackjack\cards\ac.gif <-- Comparison /www/fbapps/blackjack/cards ac.gif
2009.08.20 16:35 B C:\a1-webpages\themarketshop\comparison\fb\mobile\blackjack\cards\ad.gif <-- Comparison /www/fbapps/blackjack/cards ad.gif
2009.08.20 16:35 B C:\a1-webpages\themarketshop\comparison\fb\mobile\blackjack\cards\ah.gif <-- Comparison /www/fbapps/blackjack/cards ah.gif
2009.08.20 16:35 B C:\a1-webpages\themarketshop\comparison\fb\mobile\blackjack\cards\as.gif <-- Comparison /www/fbapps/blackjack/cards as.gif
2009.08.20 16:35 B C:\a1-webpages\themarketshop\comparison\fb\mobile\blackjack\cards\b.gif <-- Comparison /www/fbapps/blackjack/cards b.gif
2009.08.20 16:35 B C:\a1-webpages\themarketshop\comparison\fb\mobile\blackjack\cards\bj.php <-- Comparison /www/fbapps/blackjack/cards bj.php
2009.08.20 16:35 B C:\a1-webpages\themarketshop\comparison\fb\mobile\blackjack\cards\COPYING <-- Comparison /www/fbapps/blackjack/cards COPYING
2009.08.20 16:35 B C:\a1-webpages\themarketshop\comparison\fb\mobile\blackjack\cards\j.gif <-- Comparison /www/fbapps/blackjack/cards j.gif
2009.08.20 16:35 B C:\a1-webpages\themarketshop\comparison\fb\mobile\blackjack\cards\j.jpg <-- Comparison /www/fbapps/blackjack/cards j.jpg
2009.08.20 16:35 B C:\a1-webpages\themarketshop\comparison\fb\mobile\blackjack\cards\jc.gif <-- Comparison /www/fbapps/blackjack/cards jc.gif
2009.08.20 16:35 B C:\a1-webpages\themarketshop\comparison\fb\mobile\blackjack\cards\jd.gif <-- Comparison /www/fbapps/blackjack/cards jd.gif
2009.08.20 16:35 B C:\a1-webpages\themarketshop\comparison\fb\mobile\blackjack\cards\jh.gif <-- Comparison /www/fbapps/blackjack/cards jh.gif
2009.08.20 16:35 B C:\a1-webpages\themarketshop\comparison\fb\mobile\blackjack\cards\js.gif <-- Comparison /www/fbapps/blackjack/cards js.gif
2009.08.20 16:35 B C:\a1-webpages\themarketshop\comparison\fb\mobile\blackjack\cards\kc.gif <-- Comparison /www/fbapps/blackjack/cards kc.gif
2009.08.20 16:35 B C:\a1-webpages\themarketshop\comparison\fb\mobile\blackjack\cards\kd.gif <-- Comparison /www/fbapps/blackjack/cards kd.gif
2009.08.20 16:35 B C:\a1-webpages\themarketshop\comparison\fb\mobile\blackjack\cards\kh.gif <-- Comparison /www/fbapps/blackjack/cards kh.gif
2009.08.20 16:35 B C:\a1-webpages\themarketshop\comparison\fb\mobile\blackjack\cards\ks.gif <-- Comparison /www/fbapps/blackjack/cards ks.gif
2009.08.20 16:35 B C:\a1-webpages\themarketshop\comparison\fb\mobile\blackjack\cards\qc.gif <-- Comparison /www/fbapps/blackjack/cards qc.gif
2009.08.20 16:35 B C:\a1-webpages\themarketshop\comparison\fb\mobile\blackjack\cards\qd.gif <-- Comparison /www/fbapps/blackjack/cards qd.gif
2009.08.20 16:35 B C:\a1-webpages\themarketshop\comparison\fb\mobile\blackjack\cards\qh.gif <-- Comparison /www/fbapps/blackjack/cards qh.gif
2009.08.20 16:35 B C:\a1-webpages\themarketshop\comparison\fb\mobile\blackjack\cards\qs.gif <-- Comparison /www/fbapps/blackjack/cards qs.gif
2009.08.20 16:35 B C:\a1-webpages\themarketshop\comparison\fb\mobile\blackjack\cards\tc.gif <-- Comparison /www/fbapps/blackjack/cards tc.gif
2009.08.20 16:35 B C:\a1-webpages\themarketshop\comparison\fb\mobile\blackjack\cards\td.gif <-- Comparison /www/fbapps/blackjack/cards td.gif
2009.08.20 16:35 B C:\a1-webpages\themarketshop\comparison\fb\mobile\blackjack\cards\th.gif <-- Comparison /www/fbapps/blackjack/cards th.gif
2009.08.20 16:35 B C:\a1-webpages\themarketshop\comparison\fb\mobile\blackjack\cards\ts.gif <-- Comparison /www/fbapps/blackjack/cards ts.gif
2009.08.20 16:42 B C:\a1-webpages\themarketshop\comparison\fb\mobile\blackjack\cards\2c.gif --> comparisonaz.com /www/fb/mobile/blackjack/cards 2c.gif
2009.08.20 16:42 B C:\a1-webpages\themarketshop\comparison\fb\mobile\blackjack\cards\2d.gif --> comparisonaz.com /www/fb/mobile/blackjack/cards 2d.gif
2009.08.20 16:42 B C:\a1-webpages\themarketshop\comparison\fb\mobile\blackjack\cards\2h.gif --> comparisonaz.com /www/fb/mobile/blackjack/cards 2h.gif
2009.08.20 16:42 B C:\a1-webpages\themarketshop\comparison\fb\mobile\blackjack\cards\2s.gif --> comparisonaz.com /www/fb/mobile/blackjack/cards 2s.gif
2009.08.20 16:42 B C:\a1-webpages\themarketshop\comparison\fb\mobile\blackjack\cards\3c.gif --> comparisonaz.com /www/fb/mobile/blackjack/cards 3c.gif
2009.08.20 16:42 B C:\a1-webpages\themarketshop\comparison\fb\mobile\blackjack\cards\3d.gif --> comparisonaz.com /www/fb/mobile/blackjack/cards 3d.gif
2009.08.20 16:42 B C:\a1-webpages\themarketshop\comparison\fb\mobile\blackjack\cards\3h.gif --> comparisonaz.com /www/fb/mobile/blackjack/cards 3h.gif
2009.08.20 16:42 B C:\a1-webpages\themarketshop\comparison\fb\mobile\blackjack\cards\3s.gif --> comparisonaz.com /www/fb/mobile/blackjack/cards 3s.gif
2009.08.20 16:42 B C:\a1-webpages\themarketshop\comparison\fb\mobile\blackjack\cards\4c.gif --> comparisonaz.com /www/fb/mobile/blackjack/cards 4c.gif
2009.08.20 16:42 B C:\a1-webpages\themarketshop\comparison\fb\mobile\blackjack\cards\4d.gif --> comparisonaz.com /www/fb/mobile/blackjack/cards 4d.gif
2009.08.20 16:42 B C:\a1-webpages\themarketshop\comparison\fb\mobile\blackjack\cards\4h.gif --> comparisonaz.com /www/fb/mobile/blackjack/cards 4h.gif
2009.08.20 16:42 B C:\a1-webpages\themarketshop\comparison\fb\mobile\blackjack\cards\4s.gif --> comparisonaz.com /www/fb/mobile/blackjack/cards 4s.gif
2009.08.20 16:42 B C:\a1-webpages\themarketshop\comparison\fb\mobile\blackjack\cards\5c.gif --> comparisonaz.com /www/fb/mobile/blackjack/cards 5c.gif
2009.08.20 16:42 B C:\a1-webpages\themarketshop\comparison\fb\mobile\blackjack\cards\5d.gif --> comparisonaz.com /www/fb/mobile/blackjack/cards 5d.gif
2009.08.20 16:42 B C:\a1-webpages\themarketshop\comparison\fb\mobile\blackjack\cards\5h.gif --> comparisonaz.com /www/fb/mobile/blackjack/cards 5h.gif
2009.08.20 16:42 B C:\a1-webpages\themarketshop\comparison\fb\mobile\blackjack\cards\5s.gif --> comparisonaz.com /www/fb/mobile/blackjack/cards 5s.gif
2009.08.20 16:42 B C:\a1-webpages\themarketshop\comparison\fb\mobile\blackjack\cards\6c.gif --> comparisonaz.com /www/fb/mobile/blackjack/cards 6c.gif
2009.08.20 16:42 B C:\a1-webpages\themarketshop\comparison\fb\mobile\blackjack\cards\6d.gif --> comparisonaz.com /www/fb/mobile/blackjack/cards 6d.gif
2009.08.20 16:42 B C:\a1-webpages\themarketshop\comparison\fb\mobile\blackjack\cards\6h.gif --> comparisonaz.com /www/fb/mobile/blackjack/cards 6h.gif
2009.08.20 16:42 B C:\a1-webpages\themarketshop\comparison\fb\mobile\blackjack\cards\6s.gif --> comparisonaz.com /www/fb/mobile/blackjack/cards 6s.gif
2009.08.20 16:42 B C:\a1-webpages\themarketshop\comparison\fb\mobile\blackjack\cards\7c.gif --> comparisonaz.com /www/fb/mobile/blackjack/cards 7c.gif
2009.08.20 16:42 B C:\a1-webpages\themarketshop\comparison\fb\mobile\blackjack\cards\7d.gif --> comparisonaz.com /www/fb/mobile/blackjack/cards 7d.gif
2009.08.20 16:42 B C:\a1-webpages\themarketshop\comparison\fb\mobile\blackjack\cards\7h.gif --> comparisonaz.com /www/fb/mobile/blackjack/cards 7h.gif
2009.08.20 16:42 B C:\a1-webpages\themarketshop\comparison\fb\mobile\blackjack\cards\7s.gif --> comparisonaz.com /www/fb/mobile/blackjack/cards 7s.gif
2009.08.20 16:42 B C:\a1-webpages\themarketshop\comparison\fb\mobile\blackjack\cards\8c.gif --> comparisonaz.com /www/fb/mobile/blackjack/cards 8c.gif
2009.08.20 16:42 B C:\a1-webpages\themarketshop\comparison\fb\mobile\blackjack\cards\8d.gif --> comparisonaz.com /www/fb/mobile/blackjack/cards 8d.gif
2009.08.20 16:42 B C:\a1-webpages\themarketshop\comparison\fb\mobile\blackjack\cards\8h.gif --> comparisonaz.com /www/fb/mobile/blackjack/cards 8h.gif
2009.08.20 16:42 B C:\a1-webpages\themarketshop\comparison\fb\mobile\blackjack\cards\8s.gif --> comparisonaz.com /www/fb/mobile/blackjack/cards 8s.gif
2009.08.20 16:42 B C:\a1-webpages\themarketshop\comparison\fb\mobile\blackjack\cards\9c.gif --> comparisonaz.com /www/fb/mobile/blackjack/cards 9c.gif
2009.08.20 16:42 B C:\a1-webpages\themarketshop\comparison\fb\mobile\blackjack\cards\9d.gif --> comparisonaz.com /www/fb/mobile/blackjack/cards 9d.gif
2009.08.20 16:42 B C:\a1-webpages\themarketshop\comparison\fb\mobile\blackjack\cards\9h.gif --> comparisonaz.com /www/fb/mobile/blackjack/cards 9h.gif
2009.08.20 16:42 B C:\a1-webpages\themarketshop\comparison\fb\mobile\blackjack\cards\9s.gif --> comparisonaz.com /www/fb/mobile/blackjack/cards 9s.gif
2009.08.20 16:42 B C:\a1-webpages\themarketshop\comparison\fb\mobile\blackjack\cards\ac.gif --> comparisonaz.com /www/fb/mobile/blackjack/cards ac.gif
2009.08.20 16:42 B C:\a1-webpages\themarketshop\comparison\fb\mobile\blackjack\cards\ad.gif --> comparisonaz.com /www/fb/mobile/blackjack/cards ad.gif
2009.08.20 16:42 B C:\a1-webpages\themarketshop\comparison\fb\mobile\blackjack\cards\ah.gif --> comparisonaz.com /www/fb/mobile/blackjack/cards ah.gif
2009.08.20 16:42 B C:\a1-webpages\themarketshop\comparison\fb\mobile\blackjack\cards\as.gif --> comparisonaz.com /www/fb/mobile/blackjack/cards as.gif
2009.08.20 16:42 B C:\a1-webpages\themarketshop\comparison\fb\mobile\blackjack\cards\b.gif --> comparisonaz.com /www/fb/mobile/blackjack/cards b.gif
2009.08.20 16:42 B C:\a1-webpages\themarketshop\comparison\fb\mobile\blackjack\cards\bj.php --> comparisonaz.com /www/fb/mobile/blackjack/cards bj.php
2009.08.20 16:42 B C:\a1-webpages\themarketshop\comparison\fb\mobile\blackjack\cards\COPYING --> comparisonaz.com /www/fb/mobile/blackjack/cards COPYING
2009.08.20 16:42 B C:\a1-webpages\themarketshop\comparison\fb\mobile\blackjack\cards\j.gif --> comparisonaz.com /www/fb/mobile/blackjack/cards j.gif
2009.08.20 16:43 B C:\a1-webpages\themarketshop\comparison\fb\mobile\blackjack\cards\j.jpg --> comparisonaz.com /www/fb/mobile/blackjack/cards j.jpg
2009.08.20 16:43 B C:\a1-webpages\themarketshop\comparison\fb\mobile\blackjack\cards\jc.gif --> comparisonaz.com /www/fb/mobile/blackjack/cards jc.gif
2009.08.20 16:43 B C:\a1-webpages\themarketshop\comparison\fb\mobile\blackjack\cards\jd.gif --> comparisonaz.com /www/fb/mobile/blackjack/cards jd.gif
2009.08.20 16:43 B C:\a1-webpages\themarketshop\comparison\fb\mobile\blackjack\cards\jh.gif --> comparisonaz.com /www/fb/mobile/blackjack/cards jh.gif
2009.08.20 16:43 B C:\a1-webpages\themarketshop\comparison\fb\mobile\blackjack\cards\js.gif --> comparisonaz.com /www/fb/mobile/blackjack/cards js.gif
2009.08.20 16:43 B C:\a1-webpages\themarketshop\comparison\fb\mobile\blackjack\cards\kc.gif --> comparisonaz.com /www/fb/mobile/blackjack/cards kc.gif
2009.08.20 16:43 B C:\a1-webpages\themarketshop\comparison\fb\mobile\blackjack\cards\kd.gif --> comparisonaz.com /www/fb/mobile/blackjack/cards kd.gif
2009.08.20 16:43 B C:\a1-webpages\themarketshop\comparison\fb\mobile\blackjack\cards\kh.gif --> comparisonaz.com /www/fb/mobile/blackjack/cards kh.gif
2009.08.20 16:43 B C:\a1-webpages\themarketshop\comparison\fb\mobile\blackjack\cards\ks.gif --> comparisonaz.com /www/fb/mobile/blackjack/cards ks.gif
2009.08.20 16:43 B C:\a1-webpages\themarketshop\comparison\fb\mobile\blackjack\cards\qc.gif --> comparisonaz.com /www/fb/mobile/blackjack/cards qc.gif
2009.08.20 16:43 B C:\a1-webpages\themarketshop\comparison\fb\mobile\blackjack\cards\qd.gif --> comparisonaz.com /www/fb/mobile/blackjack/cards qd.gif
2009.08.20 16:43 B C:\a1-webpages\themarketshop\comparison\fb\mobile\blackjack\cards\qh.gif --> comparisonaz.com /www/fb/mobile/blackjack/cards qh.gif
2009.08.20 16:43 B C:\a1-webpages\themarketshop\comparison\fb\mobile\blackjack\cards\qs.gif --> comparisonaz.com /www/fb/mobile/blackjack/cards qs.gif
2009.08.20 16:43 B C:\a1-webpages\themarketshop\comparison\fb\mobile\blackjack\cards\tc.gif --> comparisonaz.com /www/fb/mobile/blackjack/cards tc.gif
2009.08.20 16:43 B C:\a1-webpages\themarketshop\comparison\fb\mobile\blackjack\cards\td.gif --> comparisonaz.com /www/fb/mobile/blackjack/cards td.gif
2009.08.20 16:43 B C:\a1-webpages\themarketshop\comparison\fb\mobile\blackjack\cards\th.gif --> comparisonaz.com /www/fb/mobile/blackjack/cards th.gif
2009.08.20 16:43 B C:\a1-webpages\themarketshop\comparison\fb\mobile\blackjack\cards\ts.gif --> comparisonaz.com /www/fb/mobile/blackjack/cards ts.gif
2009.10.26 18:08 B C:\Documents and Settings\mmemmo\My Documents\Me Stuff Again\APJava\collision\cards\WS_FTP.LOG <-- Comparison /www/fb/mobile/blackjack/cards WS_FTP.LOG
